#
# A fatal error has been detected by the Java Runtime Environment:
#
#  Internal Error (t:/workspace/open/src/hotspot/share/oops/generateOopMap.cpp:2162), pid=10300, tid=4264
#  fatal error: Illegal class file encountered. Try running with -Xverify:all in method main
#
# JRE version: Java(TM) SE Runtime Environment (10.0.1+10) (build 10.0.1+10)
# Java VM: Java HotSpot(TM) 64-Bit Server VM (10.0.1+10, mixed mode, tiered, compressed oops, g1 gc, windows-amd64)
# No core dump will be written. Minidumps are not enabled by default on client versions of Windows
#
# If you would like to submit a bug report, please visit:
#   http://bugreport.java.com/bugreport/crash.jsp
#

---------------  S U M M A R Y ------------

Command Line: -agentlib:jdwp=transport=dt_socket,address=127.0.0.1:57353,suspend=y,server=n -javaagent:C:\Users\GeorgiGeorgiev\AppData\Local\Temp\capture520jars\debugger-agent.jar=file:/C:/Users/GeorgiGeorgiev/AppData/Local/Temp/capture.props -Dfile.encoding=UTF-8 Intership

Host: Intel(R) Pentium(R) CPU B960 @ 2.20GHz, 2 cores, 7G,  Windows 10 , 64 bit Build 17134 (10.0.17134.1)
Time: Sun Jun 10 13:10:28 2018 FLE Daylight Time elapsed time: 351 seconds (0d 0h 5m 51s)

---------------  T H R E A D  ---------------

Current thread (0x00000256b3a92000):  VMThread "VM Thread" [stack: 0x00000059b1900000,0x00000059b1a00000] [id=4264]

Stack: [0x00000059b1900000,0x00000059b1a00000]
[error occurred during error reporting (printing stack bounds), id 0xe0000000]

Native frames: (J=compiled Java code, j=interpreted, Vv=VM code, C=native code)
V  [jvm.dll+0x5a0369]
V  [jvm.dll+0x6bcf81]
V  [jvm.dll+0x6be176]
V  [jvm.dll+0x6be765]
V  [jvm.dll+0x6be71b]
V  [jvm.dll+0x59fb63]
V  [jvm.dll+0x59ff68]
C  [ntdll.dll+0x9edcd]
C  [ntdll.dll+0x6c86]
C  [ntdll.dll+0x9dcfe]
C  0x00000256a0220ebd

VM_Operation (0x00000059b21ff4d0): GetOrSetLocal, mode: safepoint, requested by thread 0x00000256b6776000


---------------  P R O C E S S  ---------------

Threads class SMR info:
_java_thread_list=0x00000256b69c1cc0, length=13, elements={
0x0000025694efb000, 0x00000256b3a94000, 0x00000256b3a95000, 0x00000256b652b800,
0x00000256b652f800, 0x00000256b6531800, 0x00000256b659d800, 0x00000256b659e800,
0x00000256b6776000, 0x00000256b6777000, 0x00000256b6796000, 0x00000256b6785000,
0x00000256b6891800
}

Java Threads: ( => current thread )
  0x0000025694efb000 JavaThread "main" [_thread_blocked, id=11900, stack(0x00000059b1000000,0x00000059b1100000)]
  0x00000256b3a94000 JavaThread "Reference Handler" daemon [_thread_blocked, id=2168, stack(0x00000059b1a00000,0x00000059b1b00000)]
  0x00000256b3a95000 JavaThread "Finalizer" daemon [_thread_blocked, id=9460, stack(0x00000059b1b00000,0x00000059b1c00000)]
  0x00000256b652b800 JavaThread "Signal Dispatcher" daemon [_thread_blocked, id=9060, stack(0x00000059b1c00000,0x00000059b1d00000)]
  0x00000256b652f800 JavaThread "Attach Listener" daemon [_thread_blocked, id=7312, stack(0x00000059b1d00000,0x00000059b1e00000)]
  0x00000256b6531800 JavaThread "C2 CompilerThread0" daemon [_thread_blocked, id=3020, stack(0x00000059b1e00000,0x00000059b1f00000)]
  0x00000256b659d800 JavaThread "C1 CompilerThread1" daemon [_thread_blocked, id=12080, stack(0x00000059b1f00000,0x00000059b2000000)]
  0x00000256b659e800 JavaThread "Sweeper thread" daemon [_thread_blocked, id=6216, stack(0x00000059b2000000,0x00000059b2100000)]
  0x00000256b6776000 JavaThread "JDWP Transport Listener: dt_socket" daemon [_thread_blocked, id=6472, stack(0x00000059b2100000,0x00000059b2200000)] _threads_hazard_ptr=0x00000256b69c1cc0
  0x00000256b6777000 JavaThread "JDWP Event Helper Thread" daemon [_thread_blocked, id=3624, stack(0x00000059b2200000,0x00000059b2300000)]
  0x00000256b6796000 JavaThread "JDWP Command Reader" daemon [_thread_in_native, id=2072, stack(0x00000059b2300000,0x00000059b2400000)]
  0x00000256b6785000 JavaThread "Common-Cleaner" daemon [_thread_blocked, id=7064, stack(0x00000059b2400000,0x00000059b2500000)]
  0x00000256b6891800 JavaThread "Service Thread" daemon [_thread_blocked, id=2368, stack(0x00000059b2500000,0x00000059b2600000)]

Other Threads:
=>0x00000256b3a92000 VMThread "VM Thread" [stack: 0x00000059b1900000,0x00000059b1a00000] [id=4264]
  0x00000256b66b3000 WatcherThread [stack: 0x00000059b2600000,0x00000059b2700000] [id=8268]
  0x0000025694f12800 GCTaskThread "GC Thread#0" [stack: 0x00000059b1200000,0x00000059b1300000] [id=11936]
  0x0000025694f13800 GCTaskThread "GC Thread#1" [stack: 0x00000059b1300000,0x00000059b1400000] [id=1492]
  0x0000025694f3a800 ConcurrentGCThread "G1 Main Marker" [stack: 0x00000059b1400000,0x00000059b1500000] [id=10552]
  0x0000025694f3c800 ConcurrentGCThread "G1 Conc#0" [stack: 0x00000059b1500000,0x00000059b1600000] [id=5988]
  0x00000256b3934800 ConcurrentGCThread "G1 Refine#0" [stack: 0x00000059b1600000,0x00000059b1700000] [id=10252]
  0x00000256b3937800 ConcurrentGCThread "G1 Refine#1" [stack: 0x00000059b1700000,0x00000059b1800000] [id=7024]
  0x00000256b393b000 ConcurrentGCThread "G1 Young RemSet Sampling" [stack: 0x00000059b1800000,0x00000059b1900000] [id=5032]

Threads with active compile tasks:

VM state:at safepoint (normal execution)

VM Mutex/Monitor currently owned by a thread:  ([mutex/lock_event])
[0x0000025694ef9c20] Threads_lock - owner thread: 0x00000256b3a92000

Heap address: 0x0000000082c00000, size: 2004 MB, Compressed Oops mode: 32-bit
Narrow klass base: 0x0000000000000000, Narrow klass shift: 3
Compressed class space size: 1073741824 Address: 0x0000000100000000

Heap:
 garbage-first heap   total 129024K, used 3072K [0x0000000082c00000, 0x0000000100000000)
  region size 1024K, 4 young (4096K), 0 survivors (0K)
 Metaspace       used 6932K, capacity 7112K, committed 7424K, reserved 1056768K
  class space    used 573K, capacity 644K, committed 768K, reserved 1048576K
Heap Regions: E=young(eden), S=young(survivor), O=old, HS=humongous(starts), HC=humongous(continues), CS=collection set, F=free, A=archive, TS=gc time stamp, AC=allocation context, TAMS=top-at-mark-start (previous, next)
|   0|0x0000000082c00000, 0x0000000082c00000, 0x0000000082d00000|  0%| F|  |TS  0|AC  0|TAMS 0x0000000082c00000, 0x0000000082c00000|
|   1|0x0000000082d00000, 0x0000000082d00000, 0x0000000082e00000|  0%| F|  |TS  0|AC  0|TAMS 0x0000000082d00000, 0x0000000082d00000|
|   2|0x0000000082e00000, 0x0000000082e00000, 0x0000000082f00000|  0%| F|  |TS  0|AC  0|TAMS 0x0000000082e00000, 0x0000000082e00000|
|   3|0x0000000082f00000, 0x0000000082f00000, 0x0000000083000000|  0%| F|  |TS  0|AC  0|TAMS 0x0000000082f00000, 0x0000000082f00000|
|   4|0x0000000083000000, 0x0000000083000000, 0x0000000083100000|  0%| F|  |TS  0|AC  0|TAMS 0x0000000083000000, 0x0000000083000000|
|   5|0x0000000083100000, 0x0000000083100000, 0x0000000083200000|  0%| F|  |TS  0|AC  0|TAMS 0x0000000083100000, 0x0000000083100000|
|   6|0x0000000083200000, 0x0000000083200000, 0x0000000083300000|  0%| F|  |TS  0|AC  0|TAMS 0x0000000083200000, 0x0000000083200000|
|   7|0x0000000083300000, 0x0000000083300000, 0x0000000083400000|  0%| F|  |TS  0|AC  0|TAMS 0x0000000083300000, 0x0000000083300000|
|   8|0x0000000083400000, 0x0000000083400000, 0x0000000083500000|  0%| F|  |TS  0|AC  0|TAMS 0x0000000083400000, 0x0000000083400000|
|   9|0x0000000083500000, 0x0000000083500000, 0x0000000083600000|  0%| F|  |TS  0|AC  0|TAMS 0x0000000083500000, 0x0000000083500000|
|  10|0x0000000083600000, 0x0000000083600000, 0x0000000083700000|  0%| F|  |TS  0|AC  0|TAMS 0x0000000083600000, 0x0000000083600000|
|  11|0x0000000083700000, 0x0000000083700000, 0x0000000083800000|  0%| F|  |TS  0|AC  0|TAMS 0x0000000083700000, 0x0000000083700000|
|  12|0x0000000083800000, 0x0000000083800000, 0x0000000083900000|  0%| F|  |TS  0|AC  0|TAMS 0x0000000083800000, 0x0000000083800000|
|  13|0x0000000083900000, 0x0000000083900000, 0x0000000083a00000|  0%| F|  |TS  0|AC  0|TAMS 0x0000000083900000, 0x0000000083900000|
|  14|0x0000000083a00000, 0x0000000083a00000, 0x0000000083b00000|  0%| F|  |TS  0|AC  0|TAMS 0x0000000083a00000, 0x0000000083a00000|
|  15|0x0000000083b00000, 0x0000000083b00000, 0x0000000083c00000|  0%| F|  |TS  0|AC  0|TAMS 0x0000000083b00000, 0x0000000083b00000|
|  16|0x0000000083c00000, 0x0000000083c00000, 0x0000000083d00000|  0%| F|  |TS  0|AC  0|TAMS 0x0000000083c00000, 0x0000000083c00000|
|  17|0x0000000083d00000, 0x0000000083d00000, 0x0000000083e00000|  0%| F|  |TS  0|AC  0|TAMS 0x0000000083d00000, 0x0000000083d00000|
|  18|0x0000000083e00000, 0x0000000083e00000, 0x0000000083f00000|  0%| F|  |TS  0|AC  0|TAMS 0x0000000083e00000, 0x0000000083e00000|
|  19|0x0000000083f00000, 0x0000000083f00000, 0x0000000084000000|  0%| F|  |TS  0|AC  0|TAMS 0x0000000083f00000, 0x0000000083f00000|
|  20|0x0000000084000000, 0x0000000084000000, 0x0000000084100000|  0%| F|  |TS  0|AC  0|TAMS 0x0000000084000000, 0x0000000084000000|
|  21|0x0000000084100000, 0x0000000084100000, 0x0000000084200000|  0%| F|  |TS  0|AC  0|TAMS 0x0000000084100000, 0x0000000084100000|
|  22|0x0000000084200000, 0x0000000084200000, 0x0000000084300000|  0%| F|  |TS  0|AC  0|TAMS 0x0000000084200000, 0x0000000084200000|
|  23|0x0000000084300000, 0x0000000084300000, 0x0000000084400000|  0%| F|  |TS  0|AC  0|TAMS 0x0000000084300000, 0x0000000084300000|
|  24|0x0000000084400000, 0x0000000084400000, 0x0000000084500000|  0%| F|  |TS  0|AC  0|TAMS 0x0000000084400000, 0x0000000084400000|
|  25|0x0000000084500000, 0x0000000084500000, 0x0000000084600000|  0%| F|  |TS  0|AC  0|TAMS 0x0000000084500000, 0x0000000084500000|
|  26|0x0000000084600000, 0x0000000084600000, 0x0000000084700000|  0%| F|  |TS  0|AC  0|TAMS 0x0000000084600000, 0x0000000084600000|
|  27|0x0000000084700000, 0x0000000084700000, 0x0000000084800000|  0%| F|  |TS  0|AC  0|TAMS 0x0000000084700000, 0x0000000084700000|
|  28|0x0000000084800000, 0x0000000084800000, 0x0000000084900000|  0%| F|  |TS  0|AC  0|TAMS 0x0000000084800000, 0x0000000084800000|
|  29|0x0000000084900000, 0x0000000084900000, 0x0000000084a00000|  0%| F|  |TS  0|AC  0|TAMS 0x0000000084900000, 0x0000000084900000|
|  30|0x0000000084a00000, 0x0000000084a00000, 0x0000000084b00000|  0%| F|  |TS  0|AC  0|TAMS 0x0000000084a00000, 0x0000000084a00000|
|  31|0x0000000084b00000, 0x0000000084b00000, 0x0000000084c00000|  0%| F|  |TS  0|AC  0|TAMS 0x0000000084b00000, 0x0000000084b00000|
|  32|0x0000000084c00000, 0x0000000084c00000, 0x0000000084d00000|  0%| F|  |TS  0|AC  0|TAMS 0x0000000084c00000, 0x0000000084c00000|
|  33|0x0000000084d00000, 0x0000000084d00000, 0x0000000084e00000|  0%| F|  |TS  0|AC  0|TAMS 0x0000000084d00000, 0x0000000084d00000|
|  34|0x0000000084e00000, 0x0000000084e00000, 0x0000000084f00000|  0%| F|  |TS  0|AC  0|TAMS 0x0000000084e00000, 0x0000000084e00000|
|  35|0x0000000084f00000, 0x0000000084f00000, 0x0000000085000000|  0%| F|  |TS  0|AC  0|TAMS 0x0000000084f00000, 0x0000000084f00000|
|  36|0x0000000085000000, 0x0000000085000000, 0x0000000085100000|  0%| F|  |TS  0|AC  0|TAMS 0x0000000085000000, 0x0000000085000000|
|  37|0x0000000085100000, 0x0000000085100000, 0x0000000085200000|  0%| F|  |TS  0|AC  0|TAMS 0x0000000085100000, 0x0000000085100000|
|  38|0x0000000085200000, 0x0000000085200000, 0x0000000085300000|  0%| F|  |TS  0|AC  0|TAMS 0x0000000085200000, 0x0000000085200000|
|  39|0x0000000085300000, 0x0000000085300000, 0x0000000085400000|  0%| F|  |TS  0|AC  0|TAMS 0x0000000085300000, 0x0000000085300000|
|  40|0x0000000085400000, 0x0000000085400000, 0x0000000085500000|  0%| F|  |TS  0|AC  0|TAMS 0x0000000085400000, 0x0000000085400000|
|  41|0x0000000085500000, 0x0000000085500000, 0x0000000085600000|  0%| F|  |TS  0|AC  0|TAMS 0x0000000085500000, 0x0000000085500000|
|  42|0x0000000085600000, 0x0000000085600000, 0x0000000085700000|  0%| F|  |TS  0|AC  0|TAMS 0x0000000085600000, 0x0000000085600000|
|  43|0x0000000085700000, 0x0000000085700000, 0x0000000085800000|  0%| F|  |TS  0|AC  0|TAMS 0x0000000085700000, 0x0000000085700000|
|  44|0x0000000085800000, 0x0000000085800000, 0x0000000085900000|  0%| F|  |TS  0|AC  0|TAMS 0x0000000085800000, 0x0000000085800000|
|  45|0x0000000085900000, 0x0000000085900000, 0x0000000085a00000|  0%| F|  |TS  0|AC  0|TAMS 0x0000000085900000, 0x0000000085900000|
|  46|0x0000000085a00000, 0x0000000085a00000, 0x0000000085b00000|  0%| F|  |TS  0|AC  0|TAMS 0x0000000085a00000, 0x0000000085a00000|
|  47|0x0000000085b00000, 0x0000000085b00000, 0x0000000085c00000|  0%| F|  |TS  0|AC  0|TAMS 0x0000000085b00000, 0x0000000085b00000|
|  48|0x0000000085c00000, 0x0000000085c00000, 0x0000000085d00000|  0%| F|  |TS  0|AC  0|TAMS 0x0000000085c00000, 0x0000000085c00000|
|  49|0x0000000085d00000, 0x0000000085d00000, 0x0000000085e00000|  0%| F|  |TS  0|AC  0|TAMS 0x0000000085d00000, 0x0000000085d00000|
|  50|0x0000000085e00000, 0x0000000085e00000, 0x0000000085f00000|  0%| F|  |TS  0|AC  0|TAMS 0x0000000085e00000, 0x0000000085e00000|
|  51|0x0000000085f00000, 0x0000000085f00000, 0x0000000086000000|  0%| F|  |TS  0|AC  0|TAMS 0x0000000085f00000, 0x0000000085f00000|
|  52|0x0000000086000000, 0x0000000086000000, 0x0000000086100000|  0%| F|  |TS  0|AC  0|TAMS 0x0000000086000000, 0x0000000086000000|
|  53|0x0000000086100000, 0x0000000086100000, 0x0000000086200000|  0%| F|  |TS  0|AC  0|TAMS 0x0000000086100000, 0x0000000086100000|
|  54|0x0000000086200000, 0x0000000086200000, 0x0000000086300000|  0%| F|  |TS  0|AC  0|TAMS 0x0000000086200000, 0x0000000086200000|
|  55|0x0000000086300000, 0x0000000086300000, 0x0000000086400000|  0%| F|  |TS  0|AC  0|TAMS 0x0000000086300000, 0x0000000086300000|
|  56|0x0000000086400000, 0x0000000086400000, 0x0000000086500000|  0%| F|  |TS  0|AC  0|TAMS 0x0000000086400000, 0x0000000086400000|
|  57|0x0000000086500000, 0x0000000086500000, 0x0000000086600000|  0%| F|  |TS  0|AC  0|TAMS 0x0000000086500000, 0x0000000086500000|
|  58|0x0000000086600000, 0x0000000086600000, 0x0000000086700000|  0%| F|  |TS  0|AC  0|TAMS 0x0000000086600000, 0x0000000086600000|
|  59|0x0000000086700000, 0x0000000086700000, 0x0000000086800000|  0%| F|  |TS  0|AC  0|TAMS 0x0000000086700000, 0x0000000086700000|
|  60|0x0000000086800000, 0x0000000086800000, 0x0000000086900000|  0%| F|  |TS  0|AC  0|TAMS 0x0000000086800000, 0x0000000086800000|
|  61|0x0000000086900000, 0x0000000086900000, 0x0000000086a00000|  0%| F|  |TS  0|AC  0|TAMS 0x0000000086900000, 0x0000000086900000|
|  62|0x0000000086a00000, 0x0000000086a00000, 0x0000000086b00000|  0%| F|  |TS  0|AC  0|TAMS 0x0000000086a00000, 0x0000000086a00000|
|  63|0x0000000086b00000, 0x0000000086b00000, 0x0000000086c00000|  0%| F|  |TS  0|AC  0|TAMS 0x0000000086b00000, 0x0000000086b00000|
|  64|0x0000000086c00000, 0x0000000086c00000, 0x0000000086d00000|  0%| F|  |TS  0|AC  0|TAMS 0x0000000086c00000, 0x0000000086c00000|
|  65|0x0000000086d00000, 0x0000000086d00000, 0x0000000086e00000|  0%| F|  |TS  0|AC  0|TAMS 0x0000000086d00000, 0x0000000086d00000|
|  66|0x0000000086e00000, 0x0000000086e00000, 0x0000000086f00000|  0%| F|  |TS  0|AC  0|TAMS 0x0000000086e00000, 0x0000000086e00000|
|  67|0x0000000086f00000, 0x0000000086f00000, 0x0000000087000000|  0%| F|  |TS  0|AC  0|TAMS 0x0000000086f00000, 0x0000000086f00000|
|  68|0x0000000087000000, 0x0000000087000000, 0x0000000087100000|  0%| F|  |TS  0|AC  0|TAMS 0x0000000087000000, 0x0000000087000000|
|  69|0x0000000087100000, 0x0000000087100000, 0x0000000087200000|  0%| F|  |TS  0|AC  0|TAMS 0x0000000087100000, 0x0000000087100000|
|  70|0x0000000087200000, 0x0000000087200000, 0x0000000087300000|  0%| F|  |TS  0|AC  0|TAMS 0x0000000087200000, 0x0000000087200000|
|  71|0x0000000087300000, 0x0000000087300000, 0x0000000087400000|  0%| F|  |TS  0|AC  0|TAMS 0x0000000087300000, 0x0000000087300000|
|  72|0x0000000087400000, 0x0000000087400000, 0x0000000087500000|  0%| F|  |TS  0|AC  0|TAMS 0x0000000087400000, 0x0000000087400000|
|  73|0x0000000087500000, 0x0000000087500000, 0x0000000087600000|  0%| F|  |TS  0|AC  0|TAMS 0x0000000087500000, 0x0000000087500000|
|  74|0x0000000087600000, 0x0000000087600000, 0x0000000087700000|  0%| F|  |TS  0|AC  0|TAMS 0x0000000087600000, 0x0000000087600000|
|  75|0x0000000087700000, 0x0000000087700000, 0x0000000087800000|  0%| F|  |TS  0|AC  0|TAMS 0x0000000087700000, 0x0000000087700000|
|  76|0x0000000087800000, 0x0000000087800000, 0x0000000087900000|  0%| F|  |TS  0|AC  0|TAMS 0x0000000087800000, 0x0000000087800000|
|  77|0x0000000087900000, 0x0000000087900000, 0x0000000087a00000|  0%| F|  |TS  0|AC  0|TAMS 0x0000000087900000, 0x0000000087900000|
|  78|0x0000000087a00000, 0x0000000087a00000, 0x0000000087b00000|  0%| F|  |TS  0|AC  0|TAMS 0x0000000087a00000, 0x0000000087a00000|
|  79|0x0000000087b00000, 0x0000000087b00000, 0x0000000087c00000|  0%| F|  |TS  0|AC  0|TAMS 0x0000000087b00000, 0x0000000087b00000|
|  80|0x0000000087c00000, 0x0000000087c00000, 0x0000000087d00000|  0%| F|  |TS  0|AC  0|TAMS 0x0000000087c00000, 0x0000000087c00000|
|  81|0x0000000087d00000, 0x0000000087d00000, 0x0000000087e00000|  0%| F|  |TS  0|AC  0|TAMS 0x0000000087d00000, 0x0000000087d00000|
|  82|0x0000000087e00000, 0x0000000087e00000, 0x0000000087f00000|  0%| F|  |TS  0|AC  0|TAMS 0x0000000087e00000, 0x0000000087e00000|
|  83|0x0000000087f00000, 0x0000000087f00000, 0x0000000088000000|  0%| F|  |TS  0|AC  0|TAMS 0x0000000087f00000, 0x0000000087f00000|
|  84|0x0000000088000000, 0x0000000088000000, 0x0000000088100000|  0%| F|  |TS  0|AC  0|TAMS 0x0000000088000000, 0x0000000088000000|
|  85|0x0000000088100000, 0x0000000088100000, 0x0000000088200000|  0%| F|  |TS  0|AC  0|TAMS 0x0000000088100000, 0x0000000088100000|
|  86|0x0000000088200000, 0x0000000088200000, 0x0000000088300000|  0%| F|  |TS  0|AC  0|TAMS 0x0000000088200000, 0x0000000088200000|
|  87|0x0000000088300000, 0x0000000088300000, 0x0000000088400000|  0%| F|  |TS  0|AC  0|TAMS 0x0000000088300000, 0x0000000088300000|
|  88|0x0000000088400000, 0x0000000088400000, 0x0000000088500000|  0%| F|  |TS  0|AC  0|TAMS 0x0000000088400000, 0x0000000088400000|
|  89|0x0000000088500000, 0x0000000088500000, 0x0000000088600000|  0%| F|  |TS  0|AC  0|TAMS 0x0000000088500000, 0x0000000088500000|
|  90|0x0000000088600000, 0x0000000088600000, 0x0000000088700000|  0%| F|  |TS  0|AC  0|TAMS 0x0000000088600000, 0x0000000088600000|
|  91|0x0000000088700000, 0x0000000088700000, 0x0000000088800000|  0%| F|  |TS  0|AC  0|TAMS 0x0000000088700000, 0x0000000088700000|
|  92|0x0000000088800000, 0x0000000088800000, 0x0000000088900000|  0%| F|  |TS  0|AC  0|TAMS 0x0000000088800000, 0x0000000088800000|
|  93|0x0000000088900000, 0x0000000088900000, 0x0000000088a00000|  0%| F|  |TS  0|AC  0|TAMS 0x0000000088900000, 0x0000000088900000|
|  94|0x0000000088a00000, 0x0000000088a00000, 0x0000000088b00000|  0%| F|  |TS  0|AC  0|TAMS 0x0000000088a00000, 0x0000000088a00000|
|  95|0x0000000088b00000, 0x0000000088b00000, 0x0000000088c00000|  0%| F|  |TS  0|AC  0|TAMS 0x0000000088b00000, 0x0000000088b00000|
|  96|0x0000000088c00000, 0x0000000088c00000, 0x0000000088d00000|  0%| F|  |TS  0|AC  0|TAMS 0x0000000088c00000, 0x0000000088c00000|
|  97|0x0000000088d00000, 0x0000000088d00000, 0x0000000088e00000|  0%| F|  |TS  0|AC  0|TAMS 0x0000000088d00000, 0x0000000088d00000|
|  98|0x0000000088e00000, 0x0000000088e00000, 0x0000000088f00000|  0%| F|  |TS  0|AC  0|TAMS 0x0000000088e00000, 0x0000000088e00000|
|  99|0x0000000088f00000, 0x0000000088f00000, 0x0000000089000000|  0%| F|  |TS  0|AC  0|TAMS 0x0000000088f00000, 0x0000000088f00000|
| 100|0x0000000089000000, 0x0000000089000000, 0x0000000089100000|  0%| F|  |TS  0|AC  0|TAMS 0x0000000089000000, 0x0000000089000000|
| 101|0x0000000089100000, 0x0000000089100000, 0x0000000089200000|  0%| F|  |TS  0|AC  0|TAMS 0x0000000089100000, 0x0000000089100000|
| 102|0x0000000089200000, 0x0000000089200000, 0x0000000089300000|  0%| F|  |TS  0|AC  0|TAMS 0x0000000089200000, 0x0000000089200000|
| 103|0x0000000089300000, 0x0000000089300000, 0x0000000089400000|  0%| F|  |TS  0|AC  0|TAMS 0x0000000089300000, 0x0000000089300000|
| 104|0x0000000089400000, 0x0000000089400000, 0x0000000089500000|  0%| F|  |TS  0|AC  0|TAMS 0x0000000089400000, 0x0000000089400000|
| 105|0x0000000089500000, 0x0000000089500000, 0x0000000089600000|  0%| F|  |TS  0|AC  0|TAMS 0x0000000089500000, 0x0000000089500000|
| 106|0x0000000089600000, 0x0000000089600000, 0x0000000089700000|  0%| F|  |TS  0|AC  0|TAMS 0x0000000089600000, 0x0000000089600000|
| 107|0x0000000089700000, 0x0000000089700000, 0x0000000089800000|  0%| F|  |TS  0|AC  0|TAMS 0x0000000089700000, 0x0000000089700000|
| 108|0x0000000089800000, 0x0000000089800000, 0x0000000089900000|  0%| F|  |TS  0|AC  0|TAMS 0x0000000089800000, 0x0000000089800000|
| 109|0x0000000089900000, 0x0000000089900000, 0x0000000089a00000|  0%| F|  |TS  0|AC  0|TAMS 0x0000000089900000, 0x0000000089900000|
| 110|0x0000000089a00000, 0x0000000089a00000, 0x0000000089b00000|  0%| F|  |TS  0|AC  0|TAMS 0x0000000089a00000, 0x0000000089a00000|
| 111|0x0000000089b00000, 0x0000000089b00000, 0x0000000089c00000|  0%| F|  |TS  0|AC  0|TAMS 0x0000000089b00000, 0x0000000089b00000|
| 112|0x0000000089c00000, 0x0000000089c00000, 0x0000000089d00000|  0%| F|  |TS  0|AC  0|TAMS 0x0000000089c00000, 0x0000000089c00000|
| 113|0x0000000089d00000, 0x0000000089d00000, 0x0000000089e00000|  0%| F|  |TS  0|AC  0|TAMS 0x0000000089d00000, 0x0000000089d00000|
| 114|0x0000000089e00000, 0x0000000089e00000, 0x0000000089f00000|  0%| F|  |TS  0|AC  0|TAMS 0x0000000089e00000, 0x0000000089e00000|
| 115|0x0000000089f00000, 0x0000000089f00000, 0x000000008a000000|  0%| F|  |TS  0|AC  0|TAMS 0x0000000089f00000, 0x0000000089f00000|
| 116|0x000000008a000000, 0x000000008a000000, 0x000000008a100000|  0%| F|  |TS  0|AC  0|TAMS 0x000000008a000000, 0x000000008a000000|
| 117|0x000000008a100000, 0x000000008a100000, 0x000000008a200000|  0%| F|  |TS  0|AC  0|TAMS 0x000000008a100000, 0x000000008a100000|
| 118|0x000000008a200000, 0x000000008a200000, 0x000000008a300000|  0%| F|  |TS  0|AC  0|TAMS 0x000000008a200000, 0x000000008a200000|
| 119|0x000000008a300000, 0x000000008a300000, 0x000000008a400000|  0%| F|  |TS  0|AC  0|TAMS 0x000000008a300000, 0x000000008a300000|
| 120|0x000000008a400000, 0x000000008a400000, 0x000000008a500000|  0%| F|  |TS  0|AC  0|TAMS 0x000000008a400000, 0x000000008a400000|
| 121|0x000000008a500000, 0x000000008a500000, 0x000000008a600000|  0%| F|  |TS  0|AC  0|TAMS 0x000000008a500000, 0x000000008a500000|
| 122|0x000000008a600000, 0x000000008a6e85c0, 0x000000008a700000| 90%| E|  |TS  0|AC  0|TAMS 0x000000008a600000, 0x000000008a600000|
| 123|0x000000008a700000, 0x000000008a800000, 0x000000008a800000|100%| E|CS|TS  0|AC  0|TAMS 0x000000008a700000, 0x000000008a700000|
| 124|0x000000008a800000, 0x000000008a900000, 0x000000008a900000|100%| E|CS|TS  0|AC  0|TAMS 0x000000008a800000, 0x000000008a800000|
| 125|0x000000008a900000, 0x000000008aa00000, 0x000000008aa00000|100%| E|CS|TS  0|AC  0|TAMS 0x000000008a900000, 0x000000008a900000|

Card table byte_map: [0x00000256af220000,0x00000256af610000] byte_map_base: 0x00000256aee0a000

Marking Bits (Prev, Next): (CMBitMap*) 0x0000025694f39d60, (CMBitMap*) 0x0000025694f39d98
 Prev Bits: [0x00000256afa00000, 0x00000256b1950000)
 Next Bits: [0x00000256b1950000, 0x00000256b38a0000)

Polling page: 0x0000025692ba0000

CodeHeap 'non-profiled nmethods': size=120064Kb used=97Kb max_used=97Kb free=119966Kb
 bounds [0x00000256a7ce0000, 0x00000256a7f50000, 0x00000256af220000]
CodeHeap 'profiled nmethods': size=120000Kb used=335Kb max_used=335Kb free=119664Kb
 bounds [0x00000256a07b0000, 0x00000256a0a20000, 0x00000256a7ce0000]
CodeHeap 'non-nmethods': size=5696Kb used=1123Kb max_used=1128Kb free=4572Kb
 bounds [0x00000256a0220000, 0x00000256a0490000, 0x00000256a07b0000]
 total_blobs=694 nmethods=278 adapters=251
 compilation: enabled

Compilation events (10 events):
Event: 1.249 Thread 0x00000256b659d800  268       3       jdk.internal.org.objectweb.asm.ClassWriter::newUTF8 (70 bytes)
Event: 1.249 Thread 0x00000256b659d800 nmethod 268 0x00000256a0802c10 code [0x00000256a0802e20, 0x00000256a0803220]
Event: 1.249 Thread 0x00000256b659d800  269       3       java.lang.String::startsWith (7 bytes)
Event: 1.250 Thread 0x00000256b659d800 nmethod 269 0x00000256a0803410 code [0x00000256a08035c0, 0x00000256a0803770]
Event: 1.252 Thread 0x00000256b659d800  272       3       java.lang.invoke.MemberName::testAllFlags (7 bytes)
Event: 1.252 Thread 0x00000256b659d800 nmethod 272 0x00000256a0803810 code [0x00000256a08039c0, 0x00000256a0803bd8]
Event: 1.252 Thread 0x00000256b659d800  275       1       sun.invoke.util.Wrapper::basicTypeChar (5 bytes)
Event: 1.252 Thread 0x00000256b659d800 nmethod 275 0x00000256a7cf7910 code [0x00000256a7cf7ac0, 0x00000256a7cf7bd8]
Event: 62.441 Thread 0x00000256b659d800  279       1       java.util.ArrayList::size (5 bytes)
Event: 62.441 Thread 0x00000256b659d800 nmethod 279 0x00000256a7cf8290 code [0x00000256a7cf8440, 0x00000256a7cf8558]

GC Heap History (0 events):
No events

Deoptimization events (3 events):
Event: 0.445 Thread 0x0000025694efb000 Uncommon trap: reason=unstable_if action=reinterpret pc=0x00000256a7ce7810 method=java.util.HashMap.putVal(ILjava/lang/Object;Ljava/lang/Object;ZZ)Ljava/lang/Object; @ 69 c2
Event: 0.452 Thread 0x0000025694efb000 Uncommon trap: reason=unstable_if action=reinterpret pc=0x00000256a7ce9580 method=java.util.AbstractCollection.isEmpty()Z @ 4 c2
Event: 0.553 Thread 0x0000025694efb000 Uncommon trap: reason=unstable_if action=reinterpret pc=0x00000256a7ce2628 method=java.lang.String.hashCode()I @ 14 c2

Classes redefined (3 events):
Event: 214.761 Thread 0x00000256b3a92000 redefined class name=Intership, count=1
Event: 316.986 Thread 0x00000256b3a92000 redefined class name=Intership, count=2
Event: 351.499 Thread 0x00000256b3a92000 redefined class name=Intership, count=3

Internal exceptions (1 events):
Event: 1.247 Thread 0x0000025694efb000 Exception <a 'java/lang/NoSuchMethodError'{0x000000008a60e1c8}: java.lang.Object.lambda$union$2(Ljava/util/regex/Pattern$CharPredicate;I)Z> (0x000000008a60e1c8) thrown at [t:/workspace/open/src/hotspot/share/interpreter/linkResolver.cpp, line 741]

Events (10 events):
Event: 351.500 Executing VM operation: GetFrameCount done
Event: 351.500 Executing VM operation: GetFrameLocation
Event: 351.500 Executing VM operation: GetFrameLocation done
Event: 351.503 Executing VM operation: ChangeBreakpoints
Event: 351.503 Executing VM operation: ChangeBreakpoints done
Event: 351.504 Executing VM operation: ChangeBreakpoints
Event: 351.504 Executing VM operation: ChangeBreakpoints done
Event: 351.507 Executing VM operation: ChangeBreakpoints
Event: 351.507 Executing VM operation: ChangeBreakpoints done
Event: 351.543 Executing VM operation: GetOrSetLocal


Dynamic libraries:
0x00007ff64f9f0000 - 0x00007ff64fa2e000 	C:\Program Files\Java\jdk-10.0.1\bin\java.exe
0x00007ffc2cf70000 - 0x00007ffc2d151000 	C:\WINDOWS\SYSTEM32\ntdll.dll
0x00007ffc2bc90000 - 0x00007ffc2bd42000 	C:\WINDOWS\System32\KERNEL32.DLL
0x00007ffc29340000 - 0x00007ffc295b3000 	C:\WINDOWS\System32\KERNELBASE.dll
0x00007ffc2cb00000 - 0x00007ffc2cba1000 	C:\WINDOWS\System32\ADVAPI32.dll
0x00007ffc2bd50000 - 0x00007ffc2bdee000 	C:\WINDOWS\System32\msvcrt.dll
0x00007ffc2c8a0000 - 0x00007ffc2c8fb000 	C:\WINDOWS\System32\sechost.dll
0x00007ffc2c030000 - 0x00007ffc2c154000 	C:\WINDOWS\System32\RPCRT4.dll
0x00007ffc2bea0000 - 0x00007ffc2c030000 	C:\WINDOWS\System32\USER32.dll
0x00007ffc295c0000 - 0x00007ffc295e0000 	C:\WINDOWS\System32\win32u.dll
0x00007ffc2a810000 - 0x00007ffc2a838000 	C:\WINDOWS\System32\GDI32.dll
0x00007ffc2a260000 - 0x00007ffc2a3f2000 	C:\WINDOWS\System32\gdi32full.dll
0x00007ffc29dd0000 - 0x00007ffc29e6f000 	C:\WINDOWS\System32\msvcp_win.dll
0x00007ffc2a110000 - 0x00007ffc2a20a000 	C:\WINDOWS\System32\ucrtbase.dll
0x00007ffc1ede0000 - 0x00007ffc1f049000 	C:\WINDOWS\WinSxS\amd64_microsoft.windows.common-controls_6595b64144ccf1df_6.0.17134.48_none_b4b2216a3cb4dd3e\COMCTL32.dll
0x00007ffc2cc10000 - 0x00007ffc2cf33000 	C:\WINDOWS\System32\combase.dll
0x00007ffc29d50000 - 0x00007ffc29dca000 	C:\WINDOWS\System32\bcryptPrimitives.dll
0x00007ffc282a0000 - 0x00007ffc282aa000 	C:\WINDOWS\SYSTEM32\VERSION.dll
0x00007ffc2c1d0000 - 0x00007ffc2c1fd000 	C:\WINDOWS\System32\IMM32.DLL
0x00007ffc282b0000 - 0x00007ffc282e6000 	C:\WINDOWS\system32\DriverStore\FileRepository\nvaci.inf_amd64_f658c3ebd2a88192\nvinitx.dll
0x00007ffc2a850000 - 0x00007ffc2bc90000 	C:\WINDOWS\System32\Shell32.dll
0x00007ffc2a210000 - 0x00007ffc2a259000 	C:\WINDOWS\System32\cfgmgr32.dll
0x00007ffc2bdf0000 - 0x00007ffc2be99000 	C:\WINDOWS\System32\shcore.dll
0x00007ffc295e0000 - 0x00007ffc29ced000 	C:\WINDOWS\System32\windows.storage.dll
0x00007ffc2c200000 - 0x00007ffc2c251000 	C:\WINDOWS\System32\shlwapi.dll
0x00007ffc292f0000 - 0x00007ffc29301000 	C:\WINDOWS\System32\kernel.appcore.dll
0x00007ffc292d0000 - 0x00007ffc292ef000 	C:\WINDOWS\System32\profapi.dll
0x00007ffc29280000 - 0x00007ffc292cc000 	C:\WINDOWS\System32\powrprof.dll
0x00007ffc29330000 - 0x00007ffc2933a000 	C:\WINDOWS\System32\FLTLIB.DLL
0x0000000065420000 - 0x0000000065426000 	C:\Program Files\NVIDIA Corporation\CoProcManager\_etoured.dll
0x00007ffc1bff0000 - 0x00007ffc1c033000 	C:\Program Files\NVIDIA Corporation\CoProcManager\nvd3d9wrapx.dll
0x00007ffc2c260000 - 0x00007ffc2c6ab000 	C:\WINDOWS\System32\SETUPAPI.dll
0x00007ffc1bd10000 - 0x00007ffc1bd3d000 	C:\Program Files\NVIDIA Corporation\CoProcManager\nvdxgiwrapx.dll
0x00007ffc17470000 - 0x00007ffc1755f000 	C:\Program Files\Java\jdk-10.0.1\bin\msvcr120.dll
0x00007ffc173c0000 - 0x00007ffc17466000 	C:\Program Files\Java\jdk-10.0.1\bin\msvcp120.dll
0x0000000063180000 - 0x0000000063bf0000 	C:\Program Files\Java\jdk-10.0.1\bin\server\jvm.dll
0x00007ffc2a840000 - 0x00007ffc2a848000 	C:\WINDOWS\System32\PSAPI.DLL
0x00007ffc25ca0000 - 0x00007ffc25ca9000 	C:\WINDOWS\SYSTEM32\WSOCK32.dll
0x00007ffc2c900000 - 0x00007ffc2c96c000 	C:\WINDOWS\System32\WS2_32.dll
0x00007ffc26e30000 - 0x00007ffc26e53000 	C:\WINDOWS\SYSTEM32\WINMM.dll
0x00007ffc26e00000 - 0x00007ffc26e2a000 	C:\WINDOWS\SYSTEM32\WINMMBASE.dll
0x00007ffc26f00000 - 0x00007ffc26f0f000 	C:\Program Files\Java\jdk-10.0.1\bin\verify.dll
0x00007ffc19f80000 - 0x00007ffc1a149000 	C:\WINDOWS\SYSTEM32\DBGHELP.DLL
0x00007ffc19f50000 - 0x00007ffc19f79000 	C:\WINDOWS\SYSTEM32\dbgcore.DLL
0x00007ffc20b90000 - 0x00007ffc20bb7000 	C:\Program Files\Java\jdk-10.0.1\bin\java.dll
0x00007ffc1d7a0000 - 0x00007ffc1d7d6000 	C:\Program Files\Java\jdk-10.0.1\bin\jdwp.dll
0x00007ffc1c100000 - 0x00007ffc1c12a000 	C:\Program Files\Java\jdk-10.0.1\bin\instrument.dll
0x00007ffc20ae0000 - 0x00007ffc20af6000 	C:\Program Files\Java\jdk-10.0.1\bin\zip.dll
0x00007ffc25c10000 - 0x00007ffc25c1a000 	C:\Program Files\Java\jdk-10.0.1\bin\jimage.dll
0x00007ffc1c0f0000 - 0x00007ffc1c0fa000 	C:\Program Files\Java\jdk-10.0.1\bin\dt_socket.dll
0x00007ffc28b00000 - 0x00007ffc28b66000 	C:\WINDOWS\system32\mswsock.dll
0x00007ffc1d780000 - 0x00007ffc1d79a000 	C:\Program Files\Java\jdk-10.0.1\bin\net.dll
0x00007ffc25140000 - 0x00007ffc2521d000 	C:\WINDOWS\SYSTEM32\WINHTTP.dll
0x00007ffc1d650000 - 0x00007ffc1d661000 	C:\Program Files\Java\jdk-10.0.1\bin\nio.dll

dbghelp: loaded successfully - version: 4.0.5 - missing functions: none
symbol engine: initialized successfully - sym options: 0x614 - pdb path: .;C:\Program Files\Java\jdk-10.0.1\bin;C:\WINDOWS\SYSTEM32;C:\WINDOWS\WinSxS\amd64_microsoft.windows.common-controls_6595b64144ccf1df_6.0.17134.48_none_b4b2216a3cb4dd3e;C:\WINDOWS\system32\DriverStore\FileRepository\nvaci.inf_amd64_f658c3ebd2a88192;C:\Program Files\NVIDIA Corporation\CoProcManager;C:\Program Files\Java\jdk-10.0.1\bin\server

VM Arguments:
jvm_args: -agentlib:jdwp=transport=dt_socket,address=127.0.0.1:57353,suspend=y,server=n -javaagent:C:\Users\GeorgiGeorgiev\AppData\Local\Temp\capture520jars\debugger-agent.jar=file:/C:/Users/GeorgiGeorgiev/AppData/Local/Temp/capture.props -Dfile.encoding=UTF-8 
java_command: Intership
java_class_path (initial): C:\Users\GeorgiGeorgiev\Desktop\Java - Advanced\ExamPreparation\out\production\ExamPreparation;C:\Program Files\JetBrains\IntelliJ IDEA 2018.1\lib\idea_rt.jar
Launcher Type: SUN_STANDARD

Logging:
Log output configuration:
#0: stdout all=warning uptime,level,tags
#1: stderr all=off uptime,level,tags

Environment Variables:
PATH=C:\Program Files (x86)\Common Files\Oracle\Java\javapath;C:\ProgramData\Oracle\Java\javapath;C:\Windows\system32;C:\Windows;C:\Windows\System32\Wbem;C:\Windows\System32\WindowsPowerShell\v1.0\;C:\Program Files\dotnet\;C:\Program Files\Microsoft SQL Server\130\Tools\Binn\;C:\Program Files\Git\cmd;C:\Program Files\TortoiseGit\bin;C:\Program Files\nodejs\;C:\xampp\php;C:\ProgramData\ComposerSetup\bin;C:\Program Files (x86)\NVIDIA Corporation\PhysX\Common;C:\Program Files\Java\jdk-10.0.1\bin;;%SystemRoot%\system32;%SystemRoot%;%SystemRoot%\System32\Wbem;%SYSTEMROOT%\System32\WindowsPowerShell\v1.0\;%SYSTEMROOT%\System32\OpenSSH\;C:\Users\GeorgiGeorgiev\AppData\Local\Microsoft\WindowsApps;C:\Users\GeorgiGeorgiev\AppData\Roaming\npm;C:\Users\GeorgiGeorgiev\AppData\Roaming\Composer\vendor\bin;
USERNAME=GeorgiGeorgiev
OS=Windows_NT
PROCESSOR_IDENTIFIER=Intel64 Family 6 Model 42 Stepping 7, GenuineIntel



---------------  S Y S T E M  ---------------

OS: Windows 10 , 64 bit Build 17134 (10.0.17134.1)

CPU:total 2 (initial active 2) (2 cores per cpu, 1 threads per core) family 6 model 42 stepping 7, cmov, cx8, fxsr, mmx, sse, sse2, sse3, ssse3, sse4.1, sse4.2, popcnt, clmul, tsc, tscinvbit

Memory: 4k page, physical 8200556k(4385128k free), swap 9511276k(3939536k free)

vm_info: Java HotSpot(TM) 64-Bit Server VM (10.0.1+10) for windows-amd64 JRE (10.0.1+10), built on Mar 27 2018 02:27:48 by "mach5one" with MS VC++ 12.0 (VS2013)

END.
